<?xml version="1.0" encoding="UTF-8"?>
<!-- Generated by org.testng.reporters.JUnitXMLReporter -->
<testsuite ignored="0" hostname="LAPTOP-G3985CDU" failures="0" tests="2" name="Default test" time="0.073" errors="0" timestamp="2022-11-20T12:18:11 IST">
  <testcase classname="Test.TestYourAccountandOrders" name="@BeforeTest launchBrowser" time="-1.668926891318E9">
    <failure type="org.testng.TestNGException" message="
Parameter &amp;apos;Browser&amp;apos; is required by BeforeTest on method launchBrowser but has not been marked @Optional or defined
in C:\Users\rajan\AppData\Local\Temp\testng-eclipse--685297409\testng-customsuite.xml">
      <![CDATA[org.testng.TestNGException: 
Parameter 'Browser' is required by BeforeTest on method launchBrowser but has not been marked @Optional or defined
in C:\Users\rajan\AppData\Local\Temp\testng-eclipse--685297409\testng-customsuite.xml
at org.testng.internal.Parameters.createParams(Parameters.java:267)
at org.testng.internal.Parameters.createParametersForMethod(Parameters.java:355)
at org.testng.internal.Parameters.createParameters(Parameters.java:660)
at org.testng.internal.Parameters.createConfigurationParameters(Parameters.java:166)
at org.testng.internal.invokers.ConfigInvoker.invokeConfigurations(ConfigInvoker.java:300)
at org.testng.TestRunner.invokeTestConfigurations(TestRunner.java:645)
at org.testng.TestRunner.beforeRun(TestRunner.java:634)
at org.testng.TestRunner.run(TestRunner.java:596)
at org.testng.SuiteRunner.runTest(SuiteRunner.java:429)
at org.testng.SuiteRunner.runSequentially(SuiteRunner.java:423)
at org.testng.SuiteRunner.privateRun(SuiteRunner.java:383)
at org.testng.SuiteRunner.run(SuiteRunner.java:326)
at org.testng.SuiteRunnerWorker.runSuite(SuiteRunnerWorker.java:52)
at org.testng.SuiteRunnerWorker.run(SuiteRunnerWorker.java:95)
at org.testng.TestNG.runSuitesSequentially(TestNG.java:1249)
at org.testng.TestNG.runSuitesLocally(TestNG.java:1169)
at org.testng.TestNG.runSuites(TestNG.java:1092)
at org.testng.TestNG.run(TestNG.java:1060)
at org.testng.remote.AbstractRemoteTestNG.run(AbstractRemoteTestNG.java:115)
at org.testng.remote.RemoteTestNG.initAndRun(RemoteTestNG.java:251)
at org.testng.remote.RemoteTestNG.main(RemoteTestNG.java:77)
]]>
    </failure>
  </testcase> <!-- @BeforeTest launchBrowser -->
  <testcase classname="Test.TestYourAccountandOrders" name="@BeforeClass createPOMObjects" time="0.0">
    <skipped/>
  </testcase> <!-- @BeforeClass createPOMObjects -->
  <testcase classname="Test.TestYourAccountandOrders" name="@BeforeMethod openAmazonURL" time="0.0">
    <skipped/>
  </testcase> <!-- @BeforeMethod openAmazonURL -->
  <testcase classname="Test.TestYourAccountandOrders" name="@BeforeMethod openAmazonURL" time="0.0">
    <skipped/>
  </testcase> <!-- @BeforeMethod openAmazonURL -->
  <testcase classname="Test.TestYourAccountandOrders" name="@AfterClass clearObject" time="0.0">
    <skipped/>
  </testcase> <!-- @AfterClass clearObject -->
  <testcase classname="Test.TestYourAccountandOrders" name="@AfterTest afterClass" time="0.0">
    <skipped/>
  </testcase> <!-- @AfterTest afterClass -->
  <testcase classname="Test.TestYourAccountandOrders" name="verifyYourAccount" time="0.0">
    <skipped/>
  </testcase> <!-- verifyYourAccount -->
  <testcase classname="Test.TestYourAccountandOrders" name="verifyYourOrders" time="0.0">
    <skipped/>
  </testcase> <!-- verifyYourOrders -->
</testsuite> <!-- Default test -->
